[2019-06-13 14:22:41] UTN FRA LOGGER.INFO: ::1 [] {"uid":"ecfba35"}
[2019-06-13 14:23:14] UTN FRA LOGGER.INFO: ip :::1 [] {"uid":"f1af206"}
[2019-06-13 14:31:21] UTN FRA LOGGER.INFO: info  =Mozilla/5.0 (X11; Linux x86_64) AppleWebKit/537.36 (KHTML, like Gecko) Chrome/73.0.3683.86 Safari/537.36 [] {"uid":"2676799"}
[2019-06-13 14:31:21] UTN FRA LOGGER.INFO: ip =::1 [] {"uid":"2676799"}
[2019-06-13 14:33:01] UTN FRA LOGGER.INFO: info  =PostmanRuntime/7.1.1 [] {"uid":"1c0e970"}
[2019-06-13 14:33:01] UTN FRA LOGGER.INFO: ip =::1 [] {"uid":"1c0e970"}
[2019-06-13 14:33:04] UTN FRA LOGGER.INFO: info  =PostmanRuntime/7.1.1 [] {"uid":"e0a490b"}
[2019-06-13 14:33:04] UTN FRA LOGGER.INFO: ip =::1 [] {"uid":"e0a490b"}
[2019-06-13 14:33:08] UTN FRA LOGGER.INFO: info  =PostmanRuntime/7.1.1 [] {"uid":"5792b8b"}
[2019-06-13 14:33:08] UTN FRA LOGGER.INFO: ip =::1 [] {"uid":"5792b8b"}
[2019-06-13 14:33:14] UTN FRA LOGGER.INFO: info  =PostmanRuntime/7.1.1 [] {"uid":"c3f3041"}
[2019-06-13 14:33:14] UTN FRA LOGGER.INFO: ip =::1 [] {"uid":"c3f3041"}
[2019-06-13 14:41:27] UTN FRA LOGGER.INFO: info  =Mozilla/5.0 (X11; Linux x86_64; rv:60.0) Gecko/20100101 Firefox/60.0 [] {"uid":"d971c69"}
[2019-06-13 14:41:27] UTN FRA LOGGER.INFO: ip =127.0.0.1 [] {"uid":"d971c69"}
[2019-06-13 14:46:20] UTN FRA LOGGER.INFO: info  =Mozilla/5.0 (X11; Linux x86_64; rv:60.0) Gecko/20100101 Firefox/60.0 [] {"uid":"01737b9"}
[2019-06-13 14:46:20] UTN FRA LOGGER.INFO: ip =127.0.0.1 [] {"uid":"01737b9"}
[2019-06-13 14:48:37] UTN FRA LOGGER.INFO: info  =Mozilla/5.0 (X11; Linux x86_64) AppleWebKit/537.36 (KHTML, like Gecko) Chrome/50.0.2661.76 YaBrowser/16.6.0.6383 (beta) Safari/537.36 [] {"uid":"5d9f7e5"}
[2019-06-13 14:48:37] UTN FRA LOGGER.INFO: ip =::1 [] {"uid":"5d9f7e5"}
[2019-06-13 14:48:52] UTN FRA LOGGER.INFO: info  =Mozilla/5.0 (X11; Linux x86_64) AppleWebKit/537.36 (KHTML, like Gecko) Chrome/50.0.2661.76 YaBrowser/16.6.0.6383 (beta) Safari/537.36 [] {"uid":"f6cdba9"}
[2019-06-13 14:48:52] UTN FRA LOGGER.INFO: ip =::1 [] {"uid":"f6cdba9"}
[2019-06-13 14:48:59] UTN FRA LOGGER.INFO: info  =Mozilla/5.0 (X11; Linux x86_64) AppleWebKit/537.36 (KHTML, like Gecko) Chrome/50.0.2661.76 YaBrowser/16.6.0.6383 (beta) Safari/537.36 [] {"uid":"7fb9fe5"}
[2019-06-13 14:48:59] UTN FRA LOGGER.INFO: ip =::1 [] {"uid":"7fb9fe5"}
[2019-06-13 14:50:12] UTN FRA LOGGER.INFO: info  =Mozilla/5.0 (X11; Linux x86_64) AppleWebKit/537.36 (KHTML, like Gecko) Chrome/71.0.3578.98 Safari/537.36 OPR/58.0.3135.107 [] {"uid":"05adba9"}
[2019-06-13 14:50:13] UTN FRA LOGGER.INFO: ip =::1 [] {"uid":"05adba9"}
[2019-06-13 14:51:49] UTN FRA LOGGER.INFO: info  =Mozilla/5.0 (X11; Linux x86_64) AppleWebKit/537.36 (KHTML, like Gecko) Chrome/73.0.3683.86 Safari/537.36 [] {"uid":"4869fa1"}
[2019-06-13 14:51:49] UTN FRA LOGGER.INFO: ip =::1 [] {"uid":"4869fa1"}
[2019-06-13 14:52:04] UTN FRA LOGGER.INFO: info  =PostmanRuntime/7.1.1 [] {"uid":"955f892"}
[2019-06-13 14:52:04] UTN FRA LOGGER.INFO: ip =::1 [] {"uid":"955f892"}
[2019-06-13 14:52:24] UTN FRA LOGGER.INFO: Datos  =PostmanRuntime/7.1.1 [] {"uid":"3d3557f"}
[2019-06-13 14:52:24] UTN FRA LOGGER.INFO: ip =::1 [] {"uid":"3d3557f"}
[2019-06-13 14:52:34] UTN FRA LOGGER.INFO: Datos  =Mozilla/5.0 (X11; Linux x86_64) AppleWebKit/537.36 (KHTML, like Gecko) Chrome/71.0.3578.98 Safari/537.36 OPR/58.0.3135.107 [] {"uid":"521a87e"}
[2019-06-13 14:52:34] UTN FRA LOGGER.INFO: ip =::1 [] {"uid":"521a87e"}
[2019-06-13 14:54:41] UTN FRA LOGGER.INFO: Datos  =Mozilla/5.0 (X11; Linux x86_64) AppleWebKit/537.36 (KHTML, like Gecko) Chrome/73.0.3683.86 Safari/537.36 [] {"uid":"15b9fd3"}
[2019-06-13 14:54:41] UTN FRA LOGGER.INFO: ip =::1 [] {"uid":"15b9fd3"}
[2019-06-13 15:40:36] UTN FRA LOGGER.INFO: Datos  =Mozilla/5.0 (X11; Linux x86_64) AppleWebKit/537.36 (KHTML, like Gecko) Chrome/73.0.3683.86 Safari/537.36 [] {"uid":"bbb9226"}
[2019-06-13 15:40:36] UTN FRA LOGGER.INFO: ip =::1 [] {"uid":"bbb9226"}
[2019-06-13 15:40:42] UTN FRA LOGGER.INFO: Datos  =Mozilla/5.0 (X11; Linux x86_64) AppleWebKit/537.36 (KHTML, like Gecko) Chrome/73.0.3683.86 Safari/537.36 [] {"uid":"d5105f7"}
[2019-06-13 15:40:42] UTN FRA LOGGER.INFO: ip =::1 [] {"uid":"d5105f7"}
[2019-06-13 15:41:29] UTN FRA LOGGER.INFO: Datos  =Mozilla/5.0 (X11; Linux x86_64) AppleWebKit/537.36 (KHTML, like Gecko) Chrome/73.0.3683.86 Safari/537.36 [] {"uid":"e12c6d8"}
[2019-06-13 15:41:29] UTN FRA LOGGER.INFO: ip =::1 [] {"uid":"e12c6d8"}
[2019-06-13 15:42:30] UTN FRA LOGGER.INFO: Datos  =Mozilla/5.0 (X11; Linux x86_64) AppleWebKit/537.36 (KHTML, like Gecko) Chrome/73.0.3683.86 Safari/537.36 [] {"uid":"36ef6fa"}
[2019-06-13 15:42:30] UTN FRA LOGGER.INFO: ip =::1 [] {"uid":"36ef6fa"}
[2019-06-13 15:45:52] UTN FRA LOGGER.INFO: Datos  =Mozilla/5.0 (X11; Linux x86_64) AppleWebKit/537.36 (KHTML, like Gecko) Chrome/73.0.3683.86 Safari/537.36 [] {"uid":"452e00c"}
[2019-06-13 15:45:52] UTN FRA LOGGER.INFO: ip =::1 [] {"uid":"452e00c"}
[2019-06-13 15:46:48] UTN FRA LOGGER.INFO: Datos  =Mozilla/5.0 (X11; Linux x86_64) AppleWebKit/537.36 (KHTML, like Gecko) Chrome/73.0.3683.86 Safari/537.36 [] {"uid":"accaf17"}
[2019-06-13 15:46:48] UTN FRA LOGGER.INFO: ip =::1 [] {"uid":"accaf17"}
[2019-06-13 15:46:49] UTN FRA LOGGER.INFO: Datos  =Mozilla/5.0 (X11; Linux x86_64) AppleWebKit/537.36 (KHTML, like Gecko) Chrome/73.0.3683.86 Safari/537.36 [] {"uid":"2977b9f"}
[2019-06-13 15:46:49] UTN FRA LOGGER.INFO: ip =::1 [] {"uid":"2977b9f"}
[2019-06-13 15:46:50] UTN FRA LOGGER.INFO: Datos  =Mozilla/5.0 (X11; Linux x86_64) AppleWebKit/537.36 (KHTML, like Gecko) Chrome/73.0.3683.86 Safari/537.36 [] {"uid":"5b1fbcd"}
[2019-06-13 15:46:50] UTN FRA LOGGER.INFO: ip =::1 [] {"uid":"5b1fbcd"}
[2019-06-13 15:47:05] UTN FRA LOGGER.INFO: Datos  =Mozilla/5.0 (X11; Linux x86_64) AppleWebKit/537.36 (KHTML, like Gecko) Chrome/73.0.3683.86 Safari/537.36 [] {"uid":"618e906"}
[2019-06-13 15:47:05] UTN FRA LOGGER.INFO: ip =::1 [] {"uid":"618e906"}
[2019-06-13 15:47:10] UTN FRA LOGGER.INFO: Datos  =Mozilla/5.0 (X11; Linux x86_64) AppleWebKit/537.36 (KHTML, like Gecko) Chrome/73.0.3683.86 Safari/537.36 [] {"uid":"e6f850c"}
[2019-06-13 15:47:10] UTN FRA LOGGER.INFO: ip =::1 [] {"uid":"e6f850c"}
[2019-06-13 15:47:16] UTN FRA LOGGER.INFO: Datos  =Mozilla/5.0 (X11; Linux x86_64) AppleWebKit/537.36 (KHTML, like Gecko) Chrome/73.0.3683.86 Safari/537.36 [] {"uid":"6080469"}
[2019-06-13 15:47:16] UTN FRA LOGGER.INFO: ip =::1 [] {"uid":"6080469"}
[2019-06-13 15:47:52] UTN FRA LOGGER.INFO: Datos  =Mozilla/5.0 (X11; Linux x86_64) AppleWebKit/537.36 (KHTML, like Gecko) Chrome/73.0.3683.86 Safari/537.36 [] {"uid":"be829a8"}
[2019-06-13 15:47:52] UTN FRA LOGGER.INFO: ip =::1 [] {"uid":"be829a8"}
[2019-06-13 15:47:55] UTN FRA LOGGER.INFO: Datos  =Mozilla/5.0 (X11; Linux x86_64) AppleWebKit/537.36 (KHTML, like Gecko) Chrome/73.0.3683.86 Safari/537.36 [] {"uid":"8f497ca"}
[2019-06-13 15:47:55] UTN FRA LOGGER.INFO: ip =::1 [] {"uid":"8f497ca"}
[2019-06-13 15:48:12] UTN FRA LOGGER.INFO: Datos  =Mozilla/5.0 (X11; Linux x86_64) AppleWebKit/537.36 (KHTML, like Gecko) Chrome/73.0.3683.86 Safari/537.36 [] {"uid":"9e48c5a"}
[2019-06-13 15:48:12] UTN FRA LOGGER.INFO: ip =::1 [] {"uid":"9e48c5a"}
[2019-06-13 15:48:15] UTN FRA LOGGER.INFO: Datos  =Mozilla/5.0 (X11; Linux x86_64) AppleWebKit/537.36 (KHTML, like Gecko) Chrome/73.0.3683.86 Safari/537.36 [] {"uid":"b916695"}
[2019-06-13 15:48:15] UTN FRA LOGGER.INFO: ip =::1 [] {"uid":"b916695"}
[2019-06-13 15:50:55] UTN FRA LOGGER.INFO: Datos  =Mozilla/5.0 (X11; Linux x86_64) AppleWebKit/537.36 (KHTML, like Gecko) Chrome/73.0.3683.86 Safari/537.36 [] {"uid":"1dd5fc6"}
[2019-06-13 15:50:55] UTN FRA LOGGER.INFO: ip =::1 [] {"uid":"1dd5fc6"}
[2019-06-13 15:51:28] UTN FRA LOGGER.INFO: Datos  =Mozilla/5.0 (X11; Linux x86_64) AppleWebKit/537.36 (KHTML, like Gecko) Chrome/73.0.3683.86 Safari/537.36 [] {"uid":"458c08c"}
[2019-06-13 15:51:28] UTN FRA LOGGER.INFO: ip =::1 [] {"uid":"458c08c"}
[2019-06-13 15:51:33] UTN FRA LOGGER.INFO: Datos  =Mozilla/5.0 (X11; Linux x86_64) AppleWebKit/537.36 (KHTML, like Gecko) Chrome/73.0.3683.86 Safari/537.36 [] {"uid":"c57b200"}
[2019-06-13 15:51:33] UTN FRA LOGGER.INFO: ip =::1 [] {"uid":"c57b200"}
[2019-06-13 15:53:23] UTN FRA LOGGER.INFO: Datos  =Mozilla/5.0 (X11; Linux x86_64) AppleWebKit/537.36 (KHTML, like Gecko) Chrome/73.0.3683.86 Safari/537.36 [] {"uid":"903207f"}
[2019-06-13 15:53:23] UTN FRA LOGGER.INFO: ip =::1 [] {"uid":"903207f"}
[2019-06-13 15:53:26] UTN FRA LOGGER.INFO: Datos  =Mozilla/5.0 (X11; Linux x86_64) AppleWebKit/537.36 (KHTML, like Gecko) Chrome/73.0.3683.86 Safari/537.36 [] {"uid":"3a71660"}
[2019-06-13 15:53:26] UTN FRA LOGGER.INFO: ip =::1 [] {"uid":"3a71660"}
[2019-06-13 15:54:00] UTN FRA LOGGER.INFO: Datos  =Mozilla/5.0 (X11; Linux x86_64) AppleWebKit/537.36 (KHTML, like Gecko) Chrome/73.0.3683.86 Safari/537.36 [] {"uid":"b363313"}
[2019-06-13 15:54:00] UTN FRA LOGGER.INFO: ip =::1 [] {"uid":"b363313"}
[2019-06-13 15:54:01] UTN FRA LOGGER.INFO: Datos  =Mozilla/5.0 (X11; Linux x86_64) AppleWebKit/537.36 (KHTML, like Gecko) Chrome/73.0.3683.86 Safari/537.36 [] {"uid":"a1ab03e"}
[2019-06-13 15:54:01] UTN FRA LOGGER.INFO: ip =::1 [] {"uid":"a1ab03e"}
[2019-06-13 15:54:01] UTN FRA LOGGER.INFO: Datos  =Mozilla/5.0 (X11; Linux x86_64) AppleWebKit/537.36 (KHTML, like Gecko) Chrome/73.0.3683.86 Safari/537.36 [] {"uid":"74bb1fc"}
[2019-06-13 15:54:01] UTN FRA LOGGER.INFO: ip =::1 [] {"uid":"74bb1fc"}
[2019-06-13 15:54:01] UTN FRA LOGGER.INFO: Datos  =Mozilla/5.0 (X11; Linux x86_64) AppleWebKit/537.36 (KHTML, like Gecko) Chrome/73.0.3683.86 Safari/537.36 [] {"uid":"e07b9d7"}
[2019-06-13 15:54:01] UTN FRA LOGGER.INFO: ip =::1 [] {"uid":"e07b9d7"}
[2019-06-13 15:54:01] UTN FRA LOGGER.INFO: Datos  =Mozilla/5.0 (X11; Linux x86_64) AppleWebKit/537.36 (KHTML, like Gecko) Chrome/73.0.3683.86 Safari/537.36 [] {"uid":"b3e7a0b"}
[2019-06-13 15:54:01] UTN FRA LOGGER.INFO: ip =::1 [] {"uid":"b3e7a0b"}
[2019-06-13 15:54:02] UTN FRA LOGGER.INFO: Datos  =Mozilla/5.0 (X11; Linux x86_64) AppleWebKit/537.36 (KHTML, like Gecko) Chrome/73.0.3683.86 Safari/537.36 [] {"uid":"e6fa77e"}
[2019-06-13 15:54:02] UTN FRA LOGGER.INFO: ip =::1 [] {"uid":"e6fa77e"}
[2019-06-13 15:54:02] UTN FRA LOGGER.INFO: Datos  =Mozilla/5.0 (X11; Linux x86_64) AppleWebKit/537.36 (KHTML, like Gecko) Chrome/73.0.3683.86 Safari/537.36 [] {"uid":"262fbd8"}
[2019-06-13 15:54:02] UTN FRA LOGGER.INFO: ip =::1 [] {"uid":"262fbd8"}
[2019-06-13 15:54:29] UTN FRA LOGGER.INFO: Datos  =Mozilla/5.0 (X11; Linux x86_64) AppleWebKit/537.36 (KHTML, like Gecko) Chrome/73.0.3683.86 Safari/537.36 [] {"uid":"69026c5"}
[2019-06-13 15:54:29] UTN FRA LOGGER.INFO: ip =::1 [] {"uid":"69026c5"}
[2019-06-13 15:54:53] UTN FRA LOGGER.INFO: Datos  =Mozilla/5.0 (X11; Linux x86_64) AppleWebKit/537.36 (KHTML, like Gecko) Chrome/73.0.3683.86 Safari/537.36 [] {"uid":"7f80bac"}
[2019-06-13 15:54:53] UTN FRA LOGGER.INFO: ip =::1 [] {"uid":"7f80bac"}
[2019-06-13 16:14:20] UTN FRA LOGGER.INFO: Datos  =PostmanRuntime/7.1.1 [] {"uid":"f37f107"}
[2019-06-13 16:14:20] UTN FRA LOGGER.INFO: ip =::1 [] {"uid":"f37f107"}
[2019-06-13 16:14:25] UTN FRA LOGGER.INFO: Datos  =PostmanRuntime/7.1.1 [] {"uid":"f86c548"}
[2019-06-13 16:14:25] UTN FRA LOGGER.INFO: ip =::1 [] {"uid":"f86c548"}
[2019-06-13 16:16:52] UTN FRA LOGGER.INFO: Datos  =PostmanRuntime/7.1.1 [] {"uid":"cfce916"}
[2019-06-13 16:16:52] UTN FRA LOGGER.INFO: ip =::1 [] {"uid":"cfce916"}
[2019-06-13 16:16:56] UTN FRA LOGGER.INFO: Datos  =PostmanRuntime/7.1.1 [] {"uid":"24b074c"}
[2019-06-13 16:16:56] UTN FRA LOGGER.INFO: ip =::1 [] {"uid":"24b074c"}
[2019-06-13 16:17:07] UTN FRA LOGGER.INFO: Datos  =PostmanRuntime/7.1.1 [] {"uid":"fecc8fc"}
[2019-06-13 16:17:07] UTN FRA LOGGER.INFO: ip =::1 [] {"uid":"fecc8fc"}
[2019-06-13 16:19:09] UTN FRA LOGGER.INFO: Datos  =Mozilla/5.0 (X11; Linux x86_64) AppleWebKit/537.36 (KHTML, like Gecko) Chrome/73.0.3683.86 Safari/537.36 [] {"uid":"e2193d4"}
[2019-06-13 16:19:09] UTN FRA LOGGER.INFO: ip =::1 [] {"uid":"e2193d4"}
[2019-06-13 16:19:58] UTN FRA LOGGER.INFO: Datos  =Mozilla/5.0 (X11; Linux x86_64) AppleWebKit/537.36 (KHTML, like Gecko) Chrome/73.0.3683.86 Safari/537.36 [] {"uid":"d83d781"}
[2019-06-13 16:19:58] UTN FRA LOGGER.INFO: ip =::1 [] {"uid":"d83d781"}
[2019-06-13 16:20:00] UTN FRA LOGGER.INFO: Datos  =Mozilla/5.0 (X11; Linux x86_64) AppleWebKit/537.36 (KHTML, like Gecko) Chrome/73.0.3683.86 Safari/537.36 [] {"uid":"89e32cc"}
[2019-06-13 16:20:00] UTN FRA LOGGER.INFO: ip =::1 [] {"uid":"89e32cc"}
[2019-06-13 16:20:32] UTN FRA LOGGER.INFO: Datos  =Mozilla/5.0 (X11; Linux x86_64) AppleWebKit/537.36 (KHTML, like Gecko) Chrome/73.0.3683.86 Safari/537.36 [] {"uid":"434586f"}
[2019-06-13 16:20:32] UTN FRA LOGGER.INFO: ip =::1 [] {"uid":"434586f"}
[2019-06-13 16:20:40] UTN FRA LOGGER.INFO: Datos  =PostmanRuntime/7.1.1 [] {"uid":"87cac8e"}
[2019-06-13 16:20:40] UTN FRA LOGGER.INFO: ip =::1 [] {"uid":"87cac8e"}
[2019-06-18 17:54:50] UTN FRA LOGGER.INFO: Datos  =Mozilla/5.0 (X11; Linux x86_64) AppleWebKit/537.36 (KHTML, like Gecko) Ubuntu Chromium/74.0.3729.169 Chrome/74.0.3729.169 Safari/537.36 [] {"uid":"7db094a"}
[2019-06-18 17:54:50] UTN FRA LOGGER.INFO: ip = [] {"uid":"7db094a"}
[2019-06-18 23:05:01] UTN FRA LOGGER.INFO: Datos  =Mozilla/5.0 (X11; Linux x86_64) AppleWebKit/537.36 (KHTML, like Gecko) Ubuntu Chromium/74.0.3729.169 Chrome/74.0.3729.169 Safari/537.36 [] {"uid":"9d3aa29"}
[2019-06-18 23:05:01] UTN FRA LOGGER.INFO: ip =::1 [] {"uid":"9d3aa29"}
[2019-06-18 23:05:27] UTN FRA LOGGER.INFO: Datos  =Mozilla/5.0 (X11; Linux x86_64) AppleWebKit/537.36 (KHTML, like Gecko) Ubuntu Chromium/74.0.3729.169 Chrome/74.0.3729.169 Safari/537.36 [] {"uid":"95633c6"}
[2019-06-18 23:05:27] UTN FRA LOGGER.INFO: ip =::1 [] {"uid":"95633c6"}
[2019-06-18 23:06:11] UTN FRA LOGGER.INFO: Datos  =Mozilla/5.0 (X11; Linux x86_64) AppleWebKit/537.36 (KHTML, like Gecko) Ubuntu Chromium/74.0.3729.169 Chrome/74.0.3729.169 Safari/537.36 [] {"uid":"1114edd"}
[2019-06-18 23:06:11] UTN FRA LOGGER.INFO: ip =::1 [] {"uid":"1114edd"}
[2019-06-18 23:08:27] UTN FRA LOGGER.INFO: Datos  =Mozilla/5.0 (X11; Linux x86_64) AppleWebKit/537.36 (KHTML, like Gecko) Ubuntu Chromium/74.0.3729.169 Chrome/74.0.3729.169 Safari/537.36 [] {"uid":"df862cb"}
[2019-06-18 23:08:27] UTN FRA LOGGER.INFO: ip =::1 [] {"uid":"df862cb"}
[2019-06-18 23:08:58] UTN FRA LOGGER.INFO: Datos  =Mozilla/5.0 (X11; Linux x86_64) AppleWebKit/537.36 (KHTML, like Gecko) Ubuntu Chromium/74.0.3729.169 Chrome/74.0.3729.169 Safari/537.36 [] {"uid":"486ad3a"}
[2019-06-18 23:08:58] UTN FRA LOGGER.INFO: ip =::1 [] {"uid":"486ad3a"}
[2019-06-18 23:10:37] UTN FRA LOGGER.INFO: Datos  =PostmanRuntime/7.13.0 [] {"uid":"0994408"}
[2019-06-18 23:10:37] UTN FRA LOGGER.INFO: ip =::1 [] {"uid":"0994408"}
[2019-06-18 23:10:52] UTN FRA LOGGER.INFO: Datos  =PostmanRuntime/7.13.0 [] {"uid":"7489caf"}
[2019-06-18 23:10:52] UTN FRA LOGGER.INFO: ip =::1 [] {"uid":"7489caf"}
[2019-06-18 23:11:47] UTN FRA LOGGER.INFO: Datos  =PostmanRuntime/7.13.0 [] {"uid":"860e0c5"}
[2019-06-18 23:11:47] UTN FRA LOGGER.INFO: ip =::1 [] {"uid":"860e0c5"}
[2019-06-18 23:14:21] UTN FRA LOGGER.INFO: Datos  =PostmanRuntime/7.13.0 [] {"uid":"893ef5c"}
[2019-06-18 23:14:21] UTN FRA LOGGER.INFO: ip =::1 [] {"uid":"893ef5c"}
[2019-06-18 23:15:22] UTN FRA LOGGER.INFO: Datos  =PostmanRuntime/7.13.0 [] {"uid":"301407e"}
[2019-06-18 23:15:22] UTN FRA LOGGER.INFO: ip =::1 [] {"uid":"301407e"}
[2019-06-18 23:16:43] UTN FRA LOGGER.INFO: Datos  =PostmanRuntime/7.13.0 [] {"uid":"c9d960c"}
[2019-06-18 23:16:43] UTN FRA LOGGER.INFO: ip =::1 [] {"uid":"c9d960c"}
[2019-06-18 23:17:20] UTN FRA LOGGER.INFO: Datos  =PostmanRuntime/7.13.0 [] {"uid":"43a336a"}
[2019-06-18 23:17:20] UTN FRA LOGGER.INFO: ip =::1 [] {"uid":"43a336a"}
[2019-06-18 23:17:41] UTN FRA LOGGER.INFO: Datos  =PostmanRuntime/7.13.0 [] {"uid":"3191e52"}
[2019-06-18 23:17:41] UTN FRA LOGGER.INFO: ip =::1 [] {"uid":"3191e52"}
[2019-06-18 23:17:54] UTN FRA LOGGER.INFO: Datos  =PostmanRuntime/7.13.0 [] {"uid":"fa09a16"}
[2019-06-18 23:17:54] UTN FRA LOGGER.INFO: ip =::1 [] {"uid":"fa09a16"}
[2019-06-19 00:14:44] UTN FRA LOGGER.INFO: Datos  =PostmanRuntime/7.13.0 [] {"uid":"5ee33e0"}
[2019-06-19 00:14:45] UTN FRA LOGGER.INFO: ip =::1 [] {"uid":"5ee33e0"}
[2019-06-23 04:37:54] UTN FRA LOGGER.INFO: Datos  =PostmanRuntime/7.13.0 [] {"uid":"d5d7534"}
[2019-06-23 04:37:54] UTN FRA LOGGER.INFO: ip =::1 [] {"uid":"d5d7534"}
[2019-06-23 04:39:15] UTN FRA LOGGER.INFO: Datos  =PostmanRuntime/7.13.0 [] {"uid":"6d408e0"}
[2019-06-23 04:39:15] UTN FRA LOGGER.INFO: ip =::1 [] {"uid":"6d408e0"}
[2019-06-23 04:55:51] UTN FRA LOGGER.INFO: Datos  =PostmanRuntime/7.13.0 [] {"uid":"2809f48"}
[2019-06-23 04:55:51] UTN FRA LOGGER.INFO: ip =::1 [] {"uid":"2809f48"}
[2019-06-23 04:56:22] UTN FRA LOGGER.INFO: Datos  =PostmanRuntime/7.13.0 [] {"uid":"32a50a5"}
[2019-06-23 04:56:22] UTN FRA LOGGER.INFO: ip =::1 [] {"uid":"32a50a5"}
[2019-06-23 04:57:26] UTN FRA LOGGER.INFO: Datos  =PostmanRuntime/7.13.0 [] {"uid":"317b120"}
[2019-06-23 04:57:26] UTN FRA LOGGER.INFO: ip =::1 [] {"uid":"317b120"}
[2019-06-23 04:58:15] UTN FRA LOGGER.INFO: Datos  =PostmanRuntime/7.13.0 [] {"uid":"54619ea"}
[2019-06-23 04:58:15] UTN FRA LOGGER.INFO: ip =::1 [] {"uid":"54619ea"}
[2019-06-23 05:03:16] UTN FRA LOGGER.INFO: Datos  =PostmanRuntime/7.13.0 [] {"uid":"6ce82de"}
[2019-06-23 05:03:16] UTN FRA LOGGER.INFO: ip =::1 [] {"uid":"6ce82de"}
[2019-06-23 05:04:12] UTN FRA LOGGER.INFO: Datos  =PostmanRuntime/7.13.0 [] {"uid":"ba922c4"}
[2019-06-23 05:04:12] UTN FRA LOGGER.INFO: ip =::1 [] {"uid":"ba922c4"}
[2019-06-23 05:13:16] UTN FRA LOGGER.INFO: Datos  =PostmanRuntime/7.13.0 [] {"uid":"ebbdce5"}
[2019-06-23 05:13:16] UTN FRA LOGGER.INFO: ip =::1 [] {"uid":"ebbdce5"}
[2019-06-23 05:13:22] UTN FRA LOGGER.INFO: Datos  =PostmanRuntime/7.13.0 [] {"uid":"2581d36"}
[2019-06-23 05:13:22] UTN FRA LOGGER.INFO: ip =::1 [] {"uid":"2581d36"}
[2019-06-23 05:13:49] UTN FRA LOGGER.INFO: Datos  =PostmanRuntime/7.13.0 [] {"uid":"56a796b"}
[2019-06-23 05:13:49] UTN FRA LOGGER.INFO: ip =::1 [] {"uid":"56a796b"}
[2019-06-23 05:13:52] UTN FRA LOGGER.INFO: Datos  =PostmanRuntime/7.13.0 [] {"uid":"7940f2b"}
[2019-06-23 05:13:52] UTN FRA LOGGER.INFO: ip =::1 [] {"uid":"7940f2b"}
[2019-06-23 05:14:02] UTN FRA LOGGER.INFO: Datos  =PostmanRuntime/7.13.0 [] {"uid":"13d386b"}
[2019-06-23 05:14:02] UTN FRA LOGGER.INFO: ip =::1 [] {"uid":"13d386b"}
[2019-06-23 05:15:36] UTN FRA LOGGER.INFO: Datos  =PostmanRuntime/7.13.0 [] {"uid":"c1697b1"}
[2019-06-23 05:15:36] UTN FRA LOGGER.INFO: ip =::1 [] {"uid":"c1697b1"}
[2019-06-23 05:25:25] UTN FRA LOGGER.INFO: Datos  =PostmanRuntime/7.13.0 [] {"uid":"941919f"}
[2019-06-23 05:25:25] UTN FRA LOGGER.INFO: ip =::1 [] {"uid":"941919f"}
[2019-06-23 05:33:24] UTN FRA LOGGER.INFO: Datos  =PostmanRuntime/7.13.0 [] {"uid":"c84fa36"}
[2019-06-23 05:33:24] UTN FRA LOGGER.INFO: ip =::1 [] {"uid":"c84fa36"}
[2019-06-23 05:34:05] UTN FRA LOGGER.INFO: Datos  =PostmanRuntime/7.13.0 [] {"uid":"796cb02"}
[2019-06-23 05:34:05] UTN FRA LOGGER.INFO: ip =::1 [] {"uid":"796cb02"}
[2019-06-23 05:44:16] UTN FRA LOGGER.INFO: Datos  =PostmanRuntime/7.13.0 [] {"uid":"9566577"}
[2019-06-23 05:44:16] UTN FRA LOGGER.INFO: ip =::1 [] {"uid":"9566577"}
[2019-06-23 05:44:28] UTN FRA LOGGER.INFO: Datos  =PostmanRuntime/7.13.0 [] {"uid":"6d2f72c"}
[2019-06-23 05:44:28] UTN FRA LOGGER.INFO: ip =::1 [] {"uid":"6d2f72c"}
[2019-06-23 05:54:19] UTN FRA LOGGER.INFO: Datos  =PostmanRuntime/7.13.0 [] {"uid":"ca147a1"}
[2019-06-23 05:54:19] UTN FRA LOGGER.INFO: ip =::1 [] {"uid":"ca147a1"}
[2019-06-23 05:57:04] UTN FRA LOGGER.INFO: Datos  =PostmanRuntime/7.13.0 [] {"uid":"5a72037"}
[2019-06-23 05:57:04] UTN FRA LOGGER.INFO: ip =::1 [] {"uid":"5a72037"}
[2019-06-23 05:57:51] UTN FRA LOGGER.INFO: Datos  =PostmanRuntime/7.13.0 [] {"uid":"d97f9c0"}
[2019-06-23 05:57:51] UTN FRA LOGGER.INFO: ip =::1 [] {"uid":"d97f9c0"}
[2019-06-23 05:58:27] UTN FRA LOGGER.INFO: Datos  =PostmanRuntime/7.13.0 [] {"uid":"38f560d"}
[2019-06-23 05:58:27] UTN FRA LOGGER.INFO: ip =::1 [] {"uid":"38f560d"}
[2019-06-23 05:58:33] UTN FRA LOGGER.INFO: Datos  =PostmanRuntime/7.13.0 [] {"uid":"0414ab2"}
[2019-06-23 05:58:33] UTN FRA LOGGER.INFO: ip =::1 [] {"uid":"0414ab2"}
[2019-06-23 06:03:54] UTN FRA LOGGER.INFO: Datos  =PostmanRuntime/7.13.0 [] {"uid":"f97d9ec"}
[2019-06-23 06:03:54] UTN FRA LOGGER.INFO: ip =::1 [] {"uid":"f97d9ec"}
[2019-06-23 06:04:30] UTN FRA LOGGER.INFO: Datos  =PostmanRuntime/7.13.0 [] {"uid":"94878c6"}
[2019-06-23 06:04:30] UTN FRA LOGGER.INFO: ip =::1 [] {"uid":"94878c6"}
[2019-06-23 06:04:55] UTN FRA LOGGER.INFO: Datos  =PostmanRuntime/7.13.0 [] {"uid":"16f9c37"}
[2019-06-23 06:04:55] UTN FRA LOGGER.INFO: ip =::1 [] {"uid":"16f9c37"}
[2019-06-23 06:05:27] UTN FRA LOGGER.INFO: Datos  =PostmanRuntime/7.13.0 [] {"uid":"79863e0"}
[2019-06-23 06:05:27] UTN FRA LOGGER.INFO: ip =::1 [] {"uid":"79863e0"}
[2019-06-23 06:05:36] UTN FRA LOGGER.INFO: Datos  =PostmanRuntime/7.13.0 [] {"uid":"2f06191"}
[2019-06-23 06:05:36] UTN FRA LOGGER.INFO: ip =::1 [] {"uid":"2f06191"}
[2019-06-23 06:05:49] UTN FRA LOGGER.INFO: Datos  =PostmanRuntime/7.13.0 [] {"uid":"6b2e3ea"}
[2019-06-23 06:05:49] UTN FRA LOGGER.INFO: ip =::1 [] {"uid":"6b2e3ea"}
[2019-06-23 06:05:59] UTN FRA LOGGER.INFO: Datos  =PostmanRuntime/7.13.0 [] {"uid":"92c13f2"}
[2019-06-23 06:05:59] UTN FRA LOGGER.INFO: ip =::1 [] {"uid":"92c13f2"}
