[2019-07-04 14:10:05] slim-app.INFO: metodo=GET, URI=http%3A%2F%2Flocalhost%2FProgramacionIII%2FpracticaORM%2Fpublic, RUTA=usuarios, autoridad=localhost [] {"uid":"d12a74e"}
[2019-07-04 14:10:57] slim-app.INFO: metodo=GET, URI=http%3A%2F%2Flocalhost%2FProgramacionIII%2FpracticaORM%2Fpublic, RUTA=usuarios, autoridad=localhost [] {"uid":"b1a4afb"}
[2019-07-04 14:15:04] slim-app.INFO: metodo=GET, URI=http%3A%2F%2Flocalhost%2FProgramacionIII%2FpracticaORM%2Fpublic, RUTA=usuarios%2FlistarUsuarios, autoridad=localhost [] {"uid":"714ec07"}
[2019-07-04 14:34:36] slim-app.INFO: metodo=GET, URI=http%3A%2F%2Flocalhost%2FProgramacionIII%2FpracticaORM%2Fpublic, RUTA=usuarios, autoridad=localhost [] {"uid":"b8ba3c0"}
[2019-07-04 14:41:20] slim-app.INFO: metodo=GET, URI=http%3A%2F%2Flocalhost%2FProgramacionIII%2FpracticaORM%2Fpublic, RUTA=usuarios%2FlistarUsuarios, autoridad=localhost [] {"uid":"adfcaca"}
[2019-07-04 14:42:42] slim-app.INFO: metodo=POST, URI=http%3A%2F%2Flocalhost%2FProgramacionIII%2FpracticaORM%2Fpublic, RUTA=usuarios%2FguardarUsuario, autoridad=localhost [] {"uid":"1ecb432"}
[2019-07-04 14:43:21] slim-app.INFO: metodo=POST, URI=http%3A%2F%2Flocalhost%2FProgramacionIII%2FpracticaORM%2Fpublic, RUTA=usuarios%2FaltaUsuario, autoridad=localhost [] {"uid":"68ece4b"}
[2019-07-04 14:47:01] slim-app.INFO: metodo=POST, URI=http%3A%2F%2Flocalhost%2FProgramacionIII%2FpracticaORM%2Fpublic, RUTA=usuarios%2FaltaUsuario, autoridad=localhost [] {"uid":"700577e"}
[2019-07-04 14:47:32] slim-app.INFO: metodo=POST, URI=http%3A%2F%2Flocalhost%2FProgramacionIII%2FpracticaORM%2Fpublic, RUTA=usuarios%2FaltaUsuario, autoridad=localhost [] {"uid":"4a78d98"}
[2019-07-04 09:49:38] slim-app.INFO: metodo=GET, URI=http%3A%2F%2Flocalhost%2FProgramacionIII%2FpracticaORM%2Fpublic, RUTA=usuarios%2FlistarUsuarios, autoridad=localhost [] {"uid":"dfe1f2f"}
[2019-07-04 09:49:41] slim-app.INFO: metodo=GET, URI=http%3A%2F%2Flocalhost%2FProgramacionIII%2FpracticaORM%2Fpublic, RUTA=usuarios, autoridad=localhost [] {"uid":"929b0b4"}
[2019-07-04 09:49:47] slim-app.INFO: metodo=POST, URI=http%3A%2F%2Flocalhost%2FProgramacionIII%2FpracticaORM%2Fpublic, RUTA=usuarios%2FaltaUsuario, autoridad=localhost [] {"uid":"da06613"}
[2019-07-04 09:50:10] slim-app.INFO: metodo=GET, URI=http%3A%2F%2Flocalhost%2FProgramacionIII%2FpracticaORM%2Fpublic, RUTA=usuarios%2FlistarUsuarios, autoridad=localhost [] {"uid":"5e425fb"}
[2019-07-04 09:51:10] slim-app.INFO: metodo=POST, URI=http%3A%2F%2Flocalhost%2FProgramacionIII%2FpracticaORM%2Fpublic, RUTA=usuarios%2FaltaUsuario, autoridad=localhost [] {"uid":"3825eca"}
[2019-07-04 09:51:21] slim-app.INFO: metodo=GET, URI=http%3A%2F%2Flocalhost%2FProgramacionIII%2FpracticaORM%2Fpublic, RUTA=usuarios%2FlistarUsuarios, autoridad=localhost [] {"uid":"dd815ff"}
[2019-07-04 09:52:25] slim-app.INFO: metodo=POST, URI=http%3A%2F%2Flocalhost%2FProgramacionIII%2FpracticaORM%2Fpublic, RUTA=usuarios%2FaltaUsuario, autoridad=localhost [] {"uid":"7adc8fd"}
[2019-07-04 09:52:32] slim-app.INFO: metodo=GET, URI=http%3A%2F%2Flocalhost%2FProgramacionIII%2FpracticaORM%2Fpublic, RUTA=usuarios%2FlistarUsuarios, autoridad=localhost [] {"uid":"5911099"}
[2019-07-04 10:17:36] slim-app.INFO: metodo=POST, URI=http%3A%2F%2Flocalhost%2FProgramacionIII%2FpracticaORM%2Fpublic, RUTA=usuarios%2FvalidarUsuario, autoridad=localhost [] {"uid":"9f2136a"}
[2019-07-04 10:20:31] slim-app.INFO: metodo=POST, URI=http%3A%2F%2Flocalhost%2FProgramacionIII%2FpracticaORM%2Fpublic, RUTA=usuarios%2FvalidarUsuario, autoridad=localhost [] {"uid":"8c3d9e3"}
[2019-07-04 10:22:05] slim-app.INFO: metodo=POST, URI=http%3A%2F%2Flocalhost%2FProgramacionIII%2FpracticaORM%2Fpublic, RUTA=usuarios%2FvalidarUsuario, autoridad=localhost [] {"uid":"595f549"}
[2019-07-04 10:22:37] slim-app.INFO: metodo=POST, URI=http%3A%2F%2Flocalhost%2FProgramacionIII%2FpracticaORM%2Fpublic, RUTA=usuarios%2FvalidarUsuario, autoridad=localhost [] {"uid":"c83e816"}
[2019-07-04 10:23:35] slim-app.INFO: metodo=POST, URI=http%3A%2F%2Flocalhost%2FProgramacionIII%2FpracticaORM%2Fpublic, RUTA=usuarios%2FvalidarUsuario, autoridad=localhost [] {"uid":"5988c75"}
[2019-07-04 10:24:09] slim-app.INFO: metodo=POST, URI=http%3A%2F%2Flocalhost%2FProgramacionIII%2FpracticaORM%2Fpublic, RUTA=usuarios%2FvalidarUsuario, autoridad=localhost [] {"uid":"6c78f77"}
